<?xml version="1.0" encoding="UTF-8"?>
<!-- Generated by org.testng.reporters.JUnitReportReporter -->
<testsuite name="com.test.TestHeadless" tests="1" time="10.427" ignored="0" failures="0" timestamp="28 Sep 2019 06:49:15 GMT" skipped="0" hostname="DESKTOP-D0S3KQG" errors="0">
  <testcase name="HeadlessBrowser_Test" time="10.427" classname="com.test.TestHeadless"/>
</testsuite> <!-- com.test.TestHeadless -->
