<?xml version="1.0" encoding="UTF-8"?>
<!-- Generated by org.testng.reporters.JUnitReportReporter -->
<testsuite name="com.test.Demo" tests="3" time="0.046" ignored="0" failures="0" timestamp="26 Sep 2019 09:14:27 GMT" skipped="0" hostname="DESKTOP-D0S3KQG" errors="0">
  <testcase name="b" time="0.004" classname="com.test.Demo"/>
  <testcase name="c" time="0.015" classname="com.test.Demo"/>
  <testcase name="a" time="0.027" classname="com.test.Demo"/>
</testsuite> <!-- com.test.Demo -->
