<?xml version="1.0" encoding="UTF-8"?>
<!-- Generated by org.testng.reporters.JUnitReportReporter -->
<testsuite name="com.test.HeadlessChrome" tests="1" time="16.770" ignored="0" failures="0" timestamp="28 Sep 2019 06:40:51 GMT" skipped="0" hostname="DESKTOP-D0S3KQG" errors="0">
  <testcase name="HeadlessChrome_Test_1" time="16.770" classname="com.test.HeadlessChrome"/>
</testsuite> <!-- com.test.HeadlessChrome -->
