<?xml version="1.0" encoding="UTF-8"?>
<!-- Generated by org.testng.reporters.JUnitReportReporter -->
<testsuite name="com.test.GetConfig" tests="1" time="0.020" ignored="0" failures="0" timestamp="27 Sep 2019 05:42:56 GMT" skipped="0" hostname="DESKTOP-D0S3KQG" errors="0">
  <testcase name="getData" time="0.020" classname="com.test.GetConfig"/>
</testsuite> <!-- com.test.GetConfig -->
