<?xml version="1.0" encoding="UTF-8"?>
<!-- Generated by org.testng.reporters.JUnitReportReporter -->
<testsuite name="com.test.ReadExcelData" tests="2" time="1.212" ignored="0" failures="0" timestamp="27 Sep 2019 14:03:42 GMT" skipped="0" hostname="DESKTOP-D0S3KQG" errors="0">
  <testcase name="readcredentials" time="0.046" classname="com.test.ReadExcelData"/>
  <testcase name="readCredentials_Second" time="1.166" classname="com.test.ReadExcelData"/>
</testsuite> <!-- com.test.ReadExcelData -->
